Terminals which are not used

   '='


Grammar

    0 $accept: line $end

    1 line: /* empty */
    2     | line expr '\n'
    3     | line error '\n'

    4 expr: expr '+' expr
    5     | expr '-' expr
    6     | expr '*' expr
    7     | expr '/' expr
    8     | expr '%' expr
    9     | expr '^' expr
   10     | '(' expr ')'
   11     | LOG '(' expr ')'
   12     | EXP '(' expr ')'
   13     | SQRT '(' expr ')'
   14     | MAX '(' expr ',' expr ')'
   15     | MIN '(' expr ',' expr ')'
   16     | ABS '(' expr ')'
   17     | '(' expr ')' FACTORIAL
   18     | PI
   19     | E
   20     | '-' expr
   21     | DEGREE '(' expr ')'
   22     | INTC
   23     | REALC